\BOOKMARK [0][-]{chapter*.2}{ACTE\040PREMIER.}{}% 1
\BOOKMARK [1][-]{section*.3}{SCENE\040PREMIERE.}{chapter*.2}% 2
\BOOKMARK [1][-]{section*.6}{SCENE\040II.}{chapter*.2}% 3
\BOOKMARK [1][-]{section*.8}{SCENE\040III.}{chapter*.2}% 4
\BOOKMARK [1][-]{section*.10}{SCENE\040IV.}{chapter*.2}% 5
\BOOKMARK [0][-]{chapter*.12}{ACTE\040II.}{}% 6
\BOOKMARK [1][-]{section*.13}{SCENE\040PREMIERE.}{chapter*.12}% 7
\BOOKMARK [1][-]{section*.16}{SCENE\040II.}{chapter*.12}% 8
\BOOKMARK [1][-]{section*.18}{SCENE\040III.}{chapter*.12}% 9
\BOOKMARK [1][-]{section*.20}{SCENE\040IV.}{chapter*.12}% 10
\BOOKMARK [1][-]{section*.22}{SCENE\040V.}{chapter*.12}% 11
\BOOKMARK [0][-]{chapter*.24}{ACTE\040III.}{}% 12
\BOOKMARK [1][-]{section*.25}{SCENE\040PREMIERE.}{chapter*.24}% 13
\BOOKMARK [1][-]{section*.28}{SCENE\040II.}{chapter*.24}% 14
\BOOKMARK [1][-]{section*.29}{SCENE\040III.}{chapter*.24}% 15
\BOOKMARK [1][-]{section*.32}{SCENE\040IV.}{chapter*.24}% 16
\BOOKMARK [1][-]{section*.34}{SCENE\040V.}{chapter*.24}% 17
\BOOKMARK [1][-]{section*.35}{SCENE\040VI.}{chapter*.24}% 18
\BOOKMARK [1][-]{section*.38}{SCENE\040VII.}{chapter*.24}% 19
\BOOKMARK [1][-]{section*.39}{SCENE\040VIII.}{chapter*.24}% 20
\BOOKMARK [0][-]{chapter*.42}{ACTE\040IV.}{}% 21
\BOOKMARK [1][-]{section*.43}{SCENE\040I.}{chapter*.42}% 22
\BOOKMARK [1][-]{section*.46}{SCENE\040II.}{chapter*.42}% 23
\BOOKMARK [1][-]{section*.47}{SCENE\040III.}{chapter*.42}% 24
\BOOKMARK [1][-]{section*.50}{SCENE\040IV.}{chapter*.42}% 25
\BOOKMARK [1][-]{section*.51}{SCENE\040V.}{chapter*.42}% 26
\BOOKMARK [1][-]{section*.54}{SCENE\040VI.}{chapter*.42}% 27
\BOOKMARK [0][-]{chapter*.55}{ACTE\040V.}{}% 28
\BOOKMARK [1][-]{section*.56}{SCENE\040PREMIERE.}{chapter*.55}% 29
\BOOKMARK [1][-]{section*.57}{SCENE\040II.}{chapter*.55}% 30
\BOOKMARK [1][-]{section*.61}{SCENE\040III.}{chapter*.55}% 31
\BOOKMARK [1][-]{section*.64}{SCENE\040IV.}{chapter*.55}% 32
\BOOKMARK [1][-]{section*.65}{SCENE\040V.}{chapter*.55}% 33
\BOOKMARK [0][-]{section*.68}{Glossaire}{}% 34
